git config --global user.email 1114891937@qq.com
git config --global user.name WeiXia
git checkout main
git reset --hard origin/main
git pull
conda activate django
python manage.py migrate
python /home/xw/backend/manage.py runserver 0.0.0.0:8000
(base) xw@VM-20-3-ubuntu:~/backend$ git config --global user.email 1114891937@qq
.com
(base) xw@VM-20-3-ubuntu:~/backend$ git config --global user.name WeiXia
(base) xw@VM-20-3-ubuntu:~/backend$ git checkout main
Already on 'main'
Your branch is up to date with 'origin/main'.
(base) xw@VM-20-3-ubuntu:~/backend$ git reset --hard origin/main
HEAD is now at 7e8a091 随便改了点以便能合并到main
(base) xw@VM-20-3-ubuntu:~/backend$ git pull
Already up to date.
(base) xw@VM-20-3-ubuntu:~/backend$ conda activate django
(django) xw@VM-20-3-ubuntu:~/backend$ python manage.py migrate
System check identified some issues:

WARNINGS:
?: (urls.W005) URL namespace 'user' isn't unique. You may not be able to reverse
 all URLs in this namespace
Operations to perform:
  Apply all migrations: admin, auth, contenttypes, sessions, team, user
Running migrations:
  No migrations to apply.
(django) xw@VM-20-3-ubuntu:~/backend$ python /home/xw/backend/manage.py runserve
r 0.0.0.0:8000
Watching for file changes with StatReloader
Performing system checks...

System check identified some issues:

WARNINGS:
?: (urls.W005) URL namespace 'user' isn't unique. You may not be able to reverse
 all URLs in this namespace

System check identified 1 issue (0 silenced).
August 03, 2022 - 10:21:05
Django version 4.0.4, using settings 'backend.settings'
Starting development server at http://0.0.0.0:8000/
Quit the server with CONTROL-C.
[03/Aug/2022 10:21:13] "GET /admin/ HTTP/1.1" 302 0
[03/Aug/2022 10:21:13] "GET /admin/login/?next=/admin/ HTTP/1.1" 200 2219
[03/Aug/2022 10:21:13] "GET /static/admin/css/base.css HTTP/1.1" 200 19513
[03/Aug/2022 10:21:13] "GET /static/admin/css/nav_sidebar.css HTTP/1.1" 200 2616
[03/Aug/2022 10:21:13] "GET /static/admin/css/login.css HTTP/1.1" 200 954
[03/Aug/2022 10:21:13] "GET /static/admin/css/responsive.css HTTP/1.1" 200 18575
[03/Aug/2022 10:21:13] "GET /static/admin/css/fonts.css HTTP/1.1" 200 423
[03/Aug/2022 10:21:13] "GET /static/admin/js/nav_sidebar.js HTTP/1.1" 200 3401
[03/Aug/2022 10:21:13] "GET /static/admin/fonts/Roboto-Regular-webfont.woff HTTP
/1.1" 200 85876
Not Found: /favicon.ico
[03/Aug/2022 10:21:13] "GET /favicon.ico HTTP/1.1" 404 3625
[03/Aug/2022 10:21:13] "GET /static/admin/fonts/Roboto-Light-webfont.woff HTTP/1
.1" 200 85692

