git config --global user.email 1114891937@qq.com
git config --global user.name WeiXia
git checkout main
git reset --hard origin/main
git pull
conda activate django
python manage.py migrate
python /home/xw/backend/manage.py runserver 0.0.0.0:8000
(base) xw@VM-20-3-ubuntu:~/backend$ git config --global user.email 1114891937@qq
.com
(base) xw@VM-20-3-ubuntu:~/backend$ git config --global user.name WeiXia
(base) xw@VM-20-3-ubuntu:~/backend$ git checkout main
Already on 'main'
Your branch is up to date with 'origin/main'.
(base) xw@VM-20-3-ubuntu:~/backend$ git reset --hard origin/main
HEAD is now at 6718feb Merge branch 'dev' into main
(base) xw@VM-20-3-ubuntu:~/backend$ git pull
remote: Enumerating objects: 8, done.
remote: Counting objects: 100% (8/8), done.
remote: Compressing objects: 100% (2/2), done.
remote: Total 8 (delta 6), reused 8 (delta 6), pack-reused 0
Unpacking objects: 100% (8/8), 811 bytes | 405.00 KiB/s, done.
From https://github.com/summer-semester-backend/backend
   615cdb7..8122ca3  dev        -> origin/dev
Already up to date.
(base) xw@VM-20-3-ubuntu:~/backend$ conda activate django
(django) xw@VM-20-3-ubuntu:~/backend$ python manage.py migrate
System check identified some issues:

WARNINGS:
?: (urls.W005) URL namespace 'user' isn't unique. You may not be able to reverse
 all URLs in this namespace
Operations to perform:
  Apply all migrations: admin, auth, contenttypes, file, sessions, team, user
Running migrations:
  No migrations to apply.
  Your models in app(s): 'team' have changes that are not yet reflected in a mig
ration, and so won't be applied.
  Run 'manage.py makemigrations' to make new migrations, and then re-run 'manage
.py migrate' to apply them.
(django) xw@VM-20-3-ubuntu:~/backend$ python /home/xw/backend/manage.py runserve
r 0.0.0.0:8000
Watching for file changes with StatReloader
Performing system checks...

System check identified some issues:

WARNINGS:
?: (urls.W005) URL namespace 'user' isn't unique. You may not be able to reverse
 all URLs in this namespace

System check identified 1 issue (0 silenced).
August 04, 2022 - 20:44:47
Django version 4.0.4, using settings 'backend.settings'
Starting development server at http://0.0.0.0:8000/
Quit the server with CONTROL-C.
[04/Aug/2022 20:44:55] "GET /admin/team/team_user/ HTTP/1.1" 302 0
[04/Aug/2022 20:44:55] "GET /admin/login/?next=/admin/team/team_user/ HTTP/1.1"
200 2249
[04/Aug/2022 20:44:55] "GET /static/admin/css/base.css HTTP/1.1" 200 19513
[04/Aug/2022 20:44:55] "GET /static/admin/css/nav_sidebar.css HTTP/1.1" 200 2616
[04/Aug/2022 20:44:55] "GET /static/admin/js/nav_sidebar.js HTTP/1.1" 200 3401
[04/Aug/2022 20:44:55] "GET /static/admin/css/login.css HTTP/1.1" 200 954
[04/Aug/2022 20:44:55] "GET /static/admin/css/responsive.css HTTP/1.1" 200 18575
[04/Aug/2022 20:44:55] "GET /static/admin/css/fonts.css HTTP/1.1" 200 423
[04/Aug/2022 20:44:56] "GET /static/admin/fonts/Roboto-Regular-webfont.woff HTTP
/1.1" 200 85876
[04/Aug/2022 20:44:56] "GET /static/admin/fonts/Roboto-Light-webfont.woff HTTP/1
.1" 200 85692
[04/Aug/2022 20:45:02] "POST /api/user/detail HTTP/1.1" 200 228

