git config --global user.email 1114891937@qq.com
git config --global user.name WeiXia
git checkout main
git reset --hard origin/main
git pull
conda activate django
python /home/xw/backend/manage.py runserver 0.0.0.0:8000
(base) xw@VM-20-3-ubuntu:~/backend$ git config --global user.email 1114891937@qq
.com
(base) xw@VM-20-3-ubuntu:~/backend$ git config --global user.name WeiXia
(base) xw@VM-20-3-ubuntu:~/backend$ git checkout main
Already on 'main'
Your branch is up to date with 'origin/main'.
(base) xw@VM-20-3-ubuntu:~/backend$ git reset --hard origin/main
HEAD is now at 505f00f add .gitignore, and mysql -> sqlite
(base) xw@VM-20-3-ubuntu:~/backend$ git pull
From https://github.com/summer-semester-backend/backend
 * [new branch]      webhook_result -> origin/webhook_result
Already up to date.
(base) xw@VM-20-3-ubuntu:~/backend$ conda activate django
(django) xw@VM-20-3-ubuntu:~/backend$ python /home/xw/backend/manage.py runserve
r 0.0.0.0:8000
Watching for file changes with StatReloader
Performing system checks...

System check identified no issues (0 silenced).
July 31, 2022 - 11:40:51
Django version 4.0.4, using settings 'backend.settings'
Starting development server at http://0.0.0.0:8000/
Quit the server with CONTROL-C.
Not Found: /
[31/Jul/2022 11:52:27] "GET / HTTP/1.1" 404 2171
Not Found: /favicon.ico
[31/Jul/2022 11:52:27] "GET /favicon.ico HTTP/1.1" 404 2222
Not Found: /
[31/Jul/2022 11:52:47] "GET / HTTP/1.1" 404 2171
Not Found: /
[31/Jul/2022 11:52:48] "GET / HTTP/1.1" 404 2171
Not Found: /
[31/Jul/2022 11:52:50] "GET / HTTP/1.1" 404 2171
Not Found: /
[31/Jul/2022 11:53:37] "GET / HTTP/1.1" 404 2171
Not Found: /
[31/Jul/2022 11:53:52] "GET / HTTP/1.1" 404 2171
Not Found: /
[31/Jul/2022 11:54:08] "GET / HTTP/1.1" 404 2171

