git config --global user.email 1114891937@qq.com
git config --global user.name WeiXia
git checkout main
git reset --hard origin/main
git pull
conda activate django
python manage.py migrate
python /home/xw/backend/manage.py runserver 0.0.0.0:8000
(base) xw@VM-20-3-ubuntu:~/backend$ git config --global user.email 1114891937@qq
.com
(base) xw@VM-20-3-ubuntu:~/backend$ git config --global user.name WeiXia
(base) xw@VM-20-3-ubuntu:~/backend$ git checkout main
M       file/tools.py
Already on 'main'
Your branch is up to date with 'origin/main'.
(base) xw@VM-20-3-ubuntu:~/backend$ git reset --hard origin/main
HEAD is now at 0d525ce 修复一些bug
(base) xw@VM-20-3-ubuntu:~/backend$ git pull
remote: Enumerating objects: 24, done.
remote: Counting objects: 100% (24/24), done.
remote: Compressing objects: 100% (5/5), done.
remote: Total 12 (delta 9), reused 10 (delta 7), pack-reused 0
Unpacking objects: 100% (12/12), 1.33 KiB | 340.00 KiB/s, done.
From https://github.com/summer-semester-backend/backend
   0d525ce..76f9dce  main       -> origin/main
   3e1a6b9..76f9dce  dev        -> origin/dev
Updating 0d525ce..76f9dce
Fast-forward
 file/models.py |  1 +
 file/views.py  |  4 ++++
 team/views.py  | 56 +++++++++++++++++++++++++++++++++++---------------------
 user/views.py  |  3 +++
 4 files changed, 43 insertions(+), 21 deletions(-)
(base) xw@VM-20-3-ubuntu:~/backend$ conda activate django
(django) xw@VM-20-3-ubuntu:~/backend$ python manage.py migrate
System check identified some issues:

WARNINGS:
?: (urls.W005) URL namespace 'user' isn't unique. You may not be able to reverse
 all URLs in this namespace
Operations to perform:
  Apply all migrations: admin, auth, contenttypes, file, sessions, team, user
Running migrations:
  No migrations to apply.
(django) xw@VM-20-3-ubuntu:~/backend$ python /home/xw/backend/manage.py runserve
r 0.0.0.0:8000
Watching for file changes with StatReloader
Performing system checks...

System check identified some issues:

WARNINGS:
?: (urls.W005) URL namespace 'user' isn't unique. You may not be able to reverse
 all URLs in this namespace

System check identified 1 issue (0 silenced).
August 05, 2022 - 13:31:42
Django version 4.0.4, using settings 'backend.settings'
Starting development server at http://0.0.0.0:8000/
Quit the server with CONTROL-C.
[05/Aug/2022 13:31:50] "POST /api/team/detail HTTP/1.1" 200 58
[05/Aug/2022 13:31:50] "POST /api/team/users HTTP/1.1" 200 58
[05/Aug/2022 13:31:51] "POST /api/file/read HTTP/1.1" 200 58
[05/Aug/2022 13:31:52] "POST /api/team/users HTTP/1.1" 200 58
[05/Aug/2022 13:31:52] "POST /api/team/detail HTTP/1.1" 200 58
[05/Aug/2022 13:31:52] "POST /api/team/list HTTP/1.1" 200 58
[05/Aug/2022 13:31:52] "POST /api/file/recently HTTP/1.1" 200 58
[05/Aug/2022 13:31:52] "POST /api/file/all HTTP/1.1" 200 58
[05/Aug/2022 13:31:53] "OPTIONS /api/user/detail HTTP/1.1" 200 0
[05/Aug/2022 13:31:53] "POST /api/user/detail HTTP/1.1" 200 46

