git config --global user.email 1114891937@qq.com
git config --global user.name WeiXia
git checkout main
git reset --hard origin/main
git pull
conda activate django
python manage.py migrate
python /home/xw/backend/manage.py runserver 0.0.0.0:8000
(base) xw@VM-20-3-ubuntu:~/backend$ git config --global user.email 1114891937@qq
.com
(base) xw@VM-20-3-ubuntu:~/backend$ git config --global user.name WeiXia
(base) xw@VM-20-3-ubuntu:~/backend$ git checkout main
Already on 'main'
Your branch is up to date with 'origin/main'.
(base) xw@VM-20-3-ubuntu:~/backend$ git reset --hard origin/main
HEAD is now at 6e01451 Merge branch 'dev' into main
(base) xw@VM-20-3-ubuntu:~/backend$ git pull
remote: Enumerating objects: 6, done.
remote: Counting objects: 100% (6/6), done.
remote: Total 6 (delta 5), reused 6 (delta 5), pack-reused 0
Unpacking objects: 100% (6/6), 591 bytes | 197.00 KiB/s, done.
From https://github.com/summer-semester-backend/backend
   6e01451..6718feb  main       -> origin/main
Updating 6e01451..6718feb
Fast-forward
 team/models.py | 2 +-
 team/views.py  | 2 ++
 2 files changed, 3 insertions(+), 1 deletion(-)
(base) xw@VM-20-3-ubuntu:~/backend$ conda activate django
(django) xw@VM-20-3-ubuntu:~/backend$ python manage.py migrate
System check identified some issues:

WARNINGS:
?: (urls.W005) URL namespace 'user' isn't unique. You may not be able to reverse
 all URLs in this namespace
Operations to perform:
  Apply all migrations: admin, auth, contenttypes, file, sessions, team, user
Running migrations:
  No migrations to apply.
  Your models in app(s): 'team' have changes that are not yet reflected in a mig
ration, and so won't be applied.
  Run 'manage.py makemigrations' to make new migrations, and then re-run 'manage
.py migrate' to apply them.
(django) xw@VM-20-3-ubuntu:~/backend$ python /home/xw/backend/manage.py runserve
r 0.0.0.0:8000
Watching for file changes with StatReloader
Performing system checks...

System check identified some issues:

WARNINGS:
?: (urls.W005) URL namespace 'user' isn't unique. You may not be able to reverse
 all URLs in this namespace

System check identified 1 issue (0 silenced).
August 04, 2022 - 20:07:31
Django version 4.0.4, using settings 'backend.settings'
Starting development server at http://0.0.0.0:8000/
Quit the server with CONTROL-C.

